2023-04-24 23:24:08,001 INFO RPC interface 'supervisor' initialized
2023-04-24 23:24:08,001 CRIT Server 'inet_http_server' running without any HTTP authentication checking
2023-04-24 23:24:08,002 INFO daemonizing the supervisord process
2023-04-24 23:24:08,003 INFO supervisord started with pid 1331537
2023-04-24 23:24:09,006 INFO spawned: 'huey-luxury' with pid 1331539
2023-04-24 23:24:10,007 INFO success: huey-luxury entered RUNNING state, process has stayed up for > than 1 seconds (startsecs)
2023-04-27 02:10:02,759 WARN received SIGTERM indicating exit request
2023-04-27 02:10:02,759 INFO waiting for huey-luxury to die
2023-04-27 03:09:46,118 INFO RPC interface 'supervisor' initialized
2023-04-27 03:09:46,118 CRIT Server 'inet_http_server' running without any HTTP authentication checking
2023-04-27 03:09:46,120 INFO daemonizing the supervisord process
2023-04-27 03:09:46,120 INFO supervisord started with pid 2804504
2023-04-27 03:09:47,123 INFO spawned: 'huey-luxury' with pid 2804507
2023-04-27 03:09:48,124 INFO success: huey-luxury entered RUNNING state, process has stayed up for > than 1 seconds (startsecs)

2023-05-04 21:51:59,518 INFO RPC interface 'supervisor' initialized
2023-05-04 21:51:59,518 CRIT Server 'inet_http_server' running without any HTTP authentication checking
2023-05-04 21:51:59,520 INFO daemonizing the supervisord process
2023-05-04 21:51:59,520 INFO supervisord started with pid 2079079
2023-05-04 21:52:00,523 INFO spawned: 'huey-luxury' with pid 2079131
2023-05-04 21:52:01,525 INFO success: huey-luxury entered RUNNING state, process has stayed up for > than 1 seconds (startsecs)
2023-05-07 02:10:02,062 WARN received SIGTERM indicating exit request
2023-05-07 02:10:02,062 INFO waiting for huey-luxury to die
2023-05-07 02:10:02,198 INFO stopped: huey-luxury (exit status 0)
2023-05-10 04:19:16,026 INFO RPC interface 'supervisor' initialized
2023-05-10 04:19:16,026 CRIT Server 'inet_http_server' running without any HTTP authentication checking
2023-05-10 04:19:16,027 INFO daemonizing the supervisord process
2023-05-10 04:19:16,028 INFO supervisord started with pid 3404588
2023-05-10 04:19:17,030 INFO spawned: 'huey-luxury' with pid 3404603
2023-05-10 04:19:18,032 INFO success: huey-luxury entered RUNNING state, process has stayed up for > than 1 seconds (startsecs)
2023-05-15 04:28:04,361 INFO RPC interface 'supervisor' initialized
2023-05-15 04:28:04,361 CRIT Server 'inet_http_server' running without any HTTP authentication checking
2023-05-15 04:28:04,363 INFO daemonizing the supervisord process
2023-05-15 04:28:04,363 INFO supervisord started with pid 3033223
2023-05-15 04:28:05,366 INFO spawned: 'huey-luxury' with pid 3033229
2023-05-15 04:28:06,367 INFO success: huey-luxury entered RUNNING state, process has stayed up for > than 1 seconds (startsecs)
2023-05-18 02:10:03,211 WARN received SIGTERM indicating exit request
2023-05-18 02:10:03,211 INFO waiting for huey-luxury to die
